

Microchip MPLAB XC8 Assembler V2.20 build 20200408173844 
                                                                                               Sun May 10 13:17:42 2020

Microchip MPLAB XC8 C Compiler v2.20 (Free license) build 20200408173844 Og1 
     1                           	processor	16F1829
     2                           	pagewidth 120
     3                           	opt	flic
     4                           	psect	stringtext1,global,class=STRCODE,delta=2,noexec
     5                           	psect	cinit,global,class=CODE,merge=1,delta=2
     6                           	psect	cstackCOMMON,global,class=COMMON,space=1,delta=1,noexec
     7                           	psect	maintext,global,class=CODE,merge=1,split=1,delta=2
     8                           	psect	text1,local,class=CODE,merge=1,delta=2
     9                           	psect	text2,local,class=CODE,merge=1,delta=2
    10                           	psect	text3,local,class=CODE,merge=1,delta=2
    11                           	dabs	1,0x7E,2
    12  0000                     
    13                           ; Version 2.20
    14                           ; Generated 12/02/2020 GMT
    15                           ; 
    16                           ; Copyright © 2020, Microchip Technology Inc. and its subsidiaries ("Microchip")
    17                           ; All rights reserved.
    18                           ; 
    19                           ; This software is developed by Microchip Technology Inc. and its subsidiaries ("Microch
      +                          ip").
    20                           ; 
    21                           ; Redistribution and use in source and binary forms, with or without modification, are
    22                           ; permitted provided that the following conditions are met:
    23                           ; 
    24                           ;     1. Redistributions of source code must retain the above copyright notice, this lis
      +                          t of
    25                           ;        conditions and the following disclaimer.
    26                           ; 
    27                           ;     2. Redistributions in binary form must reproduce the above copyright notice, this 
      +                          list
    28                           ;        of conditions and the following disclaimer in the documentation and/or other
    29                           ;        materials provided with the distribution.
    30                           ; 
    31                           ;     3. Microchip's name may not be used to endorse or promote products derived from th
      +                          is
    32                           ;        software without specific prior written permission.
    33                           ; 
    34                           ; THIS SOFTWARE IS PROVIDED BY MICROCHIP "AS IS" AND ANY EXPRESS OR IMPLIED WARRANTIES,
    35                           ; INCLUDING, BUT NOT LIMITED TO, THE IMPLIED WARRANTIES OF MERCHANTABILITY AND FITNESS F
      +                          OR
    36                           ; PURPOSE ARE DISCLAIMED.  IN NO EVENT SHALL MICROCHIP BE LIABLE FOR ANY DIRECT, INDIREC
      +                          T,
    37                           ; INCIDENTAL, SPECIAL, EXEMPLARY, OR CONSEQUENTIAL DAMAGES (INCLUDING BUT NOT LIMITED TO
    38                           ; PROCUREMENT OF SUBSTITUTE GOODS OR SERVICES; LOSS OF USE, DATA OR PROFITS; OR BUSINESS
    39                           ; INTERRUPTION) HOWSOEVER CAUSED AND ON ANY THEORY OF LIABILITY, WHETHER IN CONTRACT, ST
      +                          RICT
    40                           ; LIABILITY, OR TORT (INCLUDING NEGLIGENCE OR OTHERWISE) ARISING IN ANY WAY OUT OF THE U
      +                          SE OF
    41                           ; THIS SOFTWARE, EVEN IF ADVISED OF THE POSSIBILITY OF SUCH DAMAGE.
    42                           ; 
    43                           ; 
    44                           ; Code-generator required, PIC16F1829 Definitions
    45                           ; 
    46                           ; SFR Addresses
    47  0000                     	;# 
    48  0001                     	;# 
    49  0002                     	;# 
    50  0003                     	;# 
    51  0004                     	;# 
    52  0005                     	;# 
    53  0006                     	;# 
    54  0007                     	;# 
    55  0008                     	;# 
    56  0009                     	;# 
    57  000A                     	;# 
    58  000B                     	;# 
    59  000C                     	;# 
    60  000D                     	;# 
    61  000E                     	;# 
    62  0011                     	;# 
    63  0012                     	;# 
    64  0013                     	;# 
    65  0014                     	;# 
    66  0015                     	;# 
    67  0016                     	;# 
    68  0016                     	;# 
    69  0017                     	;# 
    70  0018                     	;# 
    71  0019                     	;# 
    72  001A                     	;# 
    73  001B                     	;# 
    74  001C                     	;# 
    75  001E                     	;# 
    76  001F                     	;# 
    77  008C                     	;# 
    78  008D                     	;# 
    79  008E                     	;# 
    80  0091                     	;# 
    81  0092                     	;# 
    82  0093                     	;# 
    83  0094                     	;# 
    84  0095                     	;# 
    85  0096                     	;# 
    86  0097                     	;# 
    87  0098                     	;# 
    88  0099                     	;# 
    89  009A                     	;# 
    90  009B                     	;# 
    91  009B                     	;# 
    92  009C                     	;# 
    93  009D                     	;# 
    94  009E                     	;# 
    95  010C                     	;# 
    96  010D                     	;# 
    97  010E                     	;# 
    98  0111                     	;# 
    99  0112                     	;# 
   100  0113                     	;# 
   101  0114                     	;# 
   102  0115                     	;# 
   103  0116                     	;# 
   104  0117                     	;# 
   105  0118                     	;# 
   106  0119                     	;# 
   107  011A                     	;# 
   108  011B                     	;# 
   109  011D                     	;# 
   110  011E                     	;# 
   111  018C                     	;# 
   112  018D                     	;# 
   113  018E                     	;# 
   114  0191                     	;# 
   115  0191                     	;# 
   116  0192                     	;# 
   117  0193                     	;# 
   118  0193                     	;# 
   119  0193                     	;# 
   120  0194                     	;# 
   121  0195                     	;# 
   122  0196                     	;# 
   123  0199                     	;# 
   124  019A                     	;# 
   125  019B                     	;# 
   126  019B                     	;# 
   127  019C                     	;# 
   128  019D                     	;# 
   129  019E                     	;# 
   130  019F                     	;# 
   131  020C                     	;# 
   132  020D                     	;# 
   133  020E                     	;# 
   134  0211                     	;# 
   135  0211                     	;# 
   136  0212                     	;# 
   137  0212                     	;# 
   138  0213                     	;# 
   139  0213                     	;# 
   140  0214                     	;# 
   141  0214                     	;# 
   142  0215                     	;# 
   143  0215                     	;# 
   144  0215                     	;# 
   145  0216                     	;# 
   146  0216                     	;# 
   147  0217                     	;# 
   148  0217                     	;# 
   149  0219                     	;# 
   150  021A                     	;# 
   151  021B                     	;# 
   152  021C                     	;# 
   153  021D                     	;# 
   154  021E                     	;# 
   155  021F                     	;# 
   156  0291                     	;# 
   157  0291                     	;# 
   158  0292                     	;# 
   159  0293                     	;# 
   160  0294                     	;# 
   161  0295                     	;# 
   162  0295                     	;# 
   163  0296                     	;# 
   164  0298                     	;# 
   165  0298                     	;# 
   166  0299                     	;# 
   167  029A                     	;# 
   168  029B                     	;# 
   169  029C                     	;# 
   170  029D                     	;# 
   171  029E                     	;# 
   172  0311                     	;# 
   173  0311                     	;# 
   174  0312                     	;# 
   175  0313                     	;# 
   176  0318                     	;# 
   177  0318                     	;# 
   178  0319                     	;# 
   179  031A                     	;# 
   180  038C                     	;# 
   181  038D                     	;# 
   182  038E                     	;# 
   183  0391                     	;# 
   184  0392                     	;# 
   185  0393                     	;# 
   186  0394                     	;# 
   187  0395                     	;# 
   188  0396                     	;# 
   189  039A                     	;# 
   190  039C                     	;# 
   191  039D                     	;# 
   192  039E                     	;# 
   193  039F                     	;# 
   194  0415                     	;# 
   195  0416                     	;# 
   196  0417                     	;# 
   197  041C                     	;# 
   198  041D                     	;# 
   199  041E                     	;# 
   200  0FE4                     	;# 
   201  0FE5                     	;# 
   202  0FE6                     	;# 
   203  0FE7                     	;# 
   204  0FE8                     	;# 
   205  0FE9                     	;# 
   206  0FEA                     	;# 
   207  0FEB                     	;# 
   208  0FED                     	;# 
   209  0FEE                     	;# 
   210  0FEF                     	;# 
   211  0000                     nosup@@$_$_CONFIG	set	0	;# 
   212  0000                     nosup@@$_$_CONFIG	set	0	;# 
   213  0000                     	;# 
   214  0001                     	;# 
   215  0002                     	;# 
   216  0003                     	;# 
   217  0004                     	;# 
   218  0005                     	;# 
   219  0006                     	;# 
   220  0007                     	;# 
   221  0008                     	;# 
   222  0009                     	;# 
   223  000A                     	;# 
   224  000B                     	;# 
   225  000C                     	;# 
   226  000D                     	;# 
   227  000E                     	;# 
   228  0011                     	;# 
   229  0012                     	;# 
   230  0013                     	;# 
   231  0014                     	;# 
   232  0015                     	;# 
   233  0016                     	;# 
   234  0016                     	;# 
   235  0017                     	;# 
   236  0018                     	;# 
   237  0019                     	;# 
   238  001A                     	;# 
   239  001B                     	;# 
   240  001C                     	;# 
   241  001E                     	;# 
   242  001F                     	;# 
   243  008C                     	;# 
   244  008D                     	;# 
   245  008E                     	;# 
   246  0091                     	;# 
   247  0092                     	;# 
   248  0093                     	;# 
   249  0094                     	;# 
   250  0095                     	;# 
   251  0096                     	;# 
   252  0097                     	;# 
   253  0098                     	;# 
   254  0099                     	;# 
   255  009A                     	;# 
   256  009B                     	;# 
   257  009B                     	;# 
   258  009C                     	;# 
   259  009D                     	;# 
   260  009E                     	;# 
   261  010C                     	;# 
   262  010D                     	;# 
   263  010E                     	;# 
   264  0111                     	;# 
   265  0112                     	;# 
   266  0113                     	;# 
   267  0114                     	;# 
   268  0115                     	;# 
   269  0116                     	;# 
   270  0117                     	;# 
   271  0118                     	;# 
   272  0119                     	;# 
   273  011A                     	;# 
   274  011B                     	;# 
   275  011D                     	;# 
   276  011E                     	;# 
   277  018C                     	;# 
   278  018D                     	;# 
   279  018E                     	;# 
   280  0191                     	;# 
   281  0191                     	;# 
   282  0192                     	;# 
   283  0193                     	;# 
   284  0193                     	;# 
   285  0193                     	;# 
   286  0194                     	;# 
   287  0195                     	;# 
   288  0196                     	;# 
   289  0199                     	;# 
   290  019A                     	;# 
   291  019B                     	;# 
   292  019B                     	;# 
   293  019C                     	;# 
   294  019D                     	;# 
   295  019E                     	;# 
   296  019F                     	;# 
   297  020C                     	;# 
   298  020D                     	;# 
   299  020E                     	;# 
   300  0211                     	;# 
   301  0211                     	;# 
   302  0212                     	;# 
   303  0212                     	;# 
   304  0213                     	;# 
   305  0213                     	;# 
   306  0214                     	;# 
   307  0214                     	;# 
   308  0215                     	;# 
   309  0215                     	;# 
   310  0215                     	;# 
   311  0216                     	;# 
   312  0216                     	;# 
   313  0217                     	;# 
   314  0217                     	;# 
   315  0219                     	;# 
   316  021A                     	;# 
   317  021B                     	;# 
   318  021C                     	;# 
   319  021D                     	;# 
   320  021E                     	;# 
   321  021F                     	;# 
   322  0291                     	;# 
   323  0291                     	;# 
   324  0292                     	;# 
   325  0293                     	;# 
   326  0294                     	;# 
   327  0295                     	;# 
   328  0295                     	;# 
   329  0296                     	;# 
   330  0298                     	;# 
   331  0298                     	;# 
   332  0299                     	;# 
   333  029A                     	;# 
   334  029B                     	;# 
   335  029C                     	;# 
   336  029D                     	;# 
   337  029E                     	;# 
   338  0311                     	;# 
   339  0311                     	;# 
   340  0312                     	;# 
   341  0313                     	;# 
   342  0318                     	;# 
   343  0318                     	;# 
   344  0319                     	;# 
   345  031A                     	;# 
   346  038C                     	;# 
   347  038D                     	;# 
   348  038E                     	;# 
   349  0391                     	;# 
   350  0392                     	;# 
   351  0393                     	;# 
   352  0394                     	;# 
   353  0395                     	;# 
   354  0396                     	;# 
   355  039A                     	;# 
   356  039C                     	;# 
   357  039D                     	;# 
   358  039E                     	;# 
   359  039F                     	;# 
   360  0415                     	;# 
   361  0416                     	;# 
   362  0417                     	;# 
   363  041C                     	;# 
   364  041D                     	;# 
   365  041E                     	;# 
   366  0FE4                     	;# 
   367  0FE5                     	;# 
   368  0FE6                     	;# 
   369  0FE7                     	;# 
   370  0FE8                     	;# 
   371  0FE9                     	;# 
   372  0FEA                     	;# 
   373  0FEB                     	;# 
   374  0FED                     	;# 
   375  0FEE                     	;# 
   376  0FEF                     	;# 
   377                           
   378                           	psect	stringtext1
   379  0800                     __pstringtext1:
   380  0800                     _KEYS:
   381  0800  3401               	retlw	1
   382  0801  3400               	retlw	0
   383  0802  3402               	retlw	2
   384  0803  3400               	retlw	0
   385  0804  3403               	retlw	3
   386  0805  3400               	retlw	0
   387  0806  3404               	retlw	4
   388  0807  3400               	retlw	0
   389  0808  3405               	retlw	5
   390  0809  3400               	retlw	0
   391  080A  3406               	retlw	6
   392  080B  3400               	retlw	0
   393  080C  3407               	retlw	7
   394  080D  3400               	retlw	0
   395  080E  3408               	retlw	8
   396  080F  3400               	retlw	0
   397  0810  3409               	retlw	9
   398  0811  3400               	retlw	0
   399  0812  340A               	retlw	10
   400  0813  3400               	retlw	0
   401  0814  340B               	retlw	11
   402  0815  3400               	retlw	0
   403  0816  340C               	retlw	12
   404  0817  3400               	retlw	0
   405  0818  340D               	retlw	13
   406  0819  3400               	retlw	0
   407  081A  340E               	retlw	14
   408  081B  3400               	retlw	0
   409  081C  340F               	retlw	15
   410  081D  3400               	retlw	0
   411  081E  3410               	retlw	16
   412  081F  3400               	retlw	0
   413  0820                     __end_of_KEYS:
   414  000C                     _PORTA	set	12
   415  001C                     _T2CONbits	set	28
   416  001B                     _PR2	set	27
   417  009B                     _ADRES	set	155
   418  008C                     _TRISA	set	140
   419  008E                     _TRISC	set	142
   420  009E                     _ADCON1	set	158
   421  009D                     _ADCON0bits	set	157
   422  008C                     _TRISAbits	set	140
   423  0099                     _OSCCONbits	set	153
   424  010E                     _LATC	set	270
   425  018C                     _ANSELA	set	396
   426  018C                     _ANSELAbits	set	396
   427  029A                     _CCP2CONbits	set	666
   428  0298                     _CCPR2L	set	664
   429  029E                     _CCPTMRSbits	set	670
   430  029A                     _CCP2CON	set	666
   431                           
   432                           	psect	cinit
   433  07FD                     start_initialization:	
   434                           ; #config settings
   435                           
   436  07FD                     __initialization:
   437  07FD                     end_of_initialization:	
   438                           ;End of C runtime variable initialization code
   439                           
   440  07FD                     __end_of__initialization:
   441  07FD  0020               	movlb	0
   442  07FE  3187  2F86         	ljmp	_main	;jump to C main() function
   443                           
   444                           	psect	cstackCOMMON
   445  0070                     __pcstackCOMMON:
   446  0070                     ?_init:
   447  0070                     ??_init:	
   448                           ; 1 bytes @ 0x0
   449                           
   450  0070                     ?_setKey:	
   451                           ; 1 bytes @ 0x0
   452                           
   453  0070                     ?_main:	
   454                           ; 1 bytes @ 0x0
   455                           
   456  0070                     ?_setPwm:	
   457                           ; 1 bytes @ 0x0
   458                           
   459  0070                     setPwm@pwm:	
   460                           ; 1 bytes @ 0x0
   461                           
   462                           
   463                           ; 2 bytes @ 0x0
   464  0070                     	ds	2
   465  0072                     ??_setPwm:
   466                           
   467                           ; 1 bytes @ 0x2
   468  0072                     	ds	5
   469  0077                     ??_setKey:
   470                           
   471                           ; 1 bytes @ 0x7
   472  0077                     	ds	4
   473  007B                     setKey@keys:
   474                           
   475                           ; 2 bytes @ 0xB
   476  007B                     	ds	2
   477  007D                     ??_main:
   478                           
   479                           	psect	maintext
   480  0786                     __pmaintext:	
   481                           ; 1 bytes @ 0xD
   482 ;;
   483 ;;Main: autosize = 0, tempsize = 0, incstack = 0, save=0
   484 ;;
   485 ;; *************** function _main *****************
   486 ;; Defined at:
   487 ;;		line 35 in file "main.c"
   488 ;; Parameters:    Size  Location     Type
   489 ;;		None
   490 ;; Auto vars:     Size  Location     Type
   491 ;;		None
   492 ;; Return value:  Size  Location     Type
   493 ;;                  1    wreg      void 
   494 ;; Registers used:
   495 ;;		wreg, fsr0l, fsr0h, status,2, status,0, pclath, cstack
   496 ;; Tracked objects:
   497 ;;		On entry : B1F/0
   498 ;;		On exit  : 0/0
   499 ;;		Unchanged: 0/0
   500 ;; Data sizes:     COMMON   BANK0   BANK1   BANK2   BANK3   BANK4   BANK5   BANK6   BANK7   BANK8   BANK9  BANK10  BANK1
      +1  BANK12
   501 ;;      Params:         0       0       0       0       0       0       0       0       0       0       0       0       
      +0       0
   502 ;;      Locals:         0       0       0       0       0       0       0       0       0       0       0       0       
      +0       0
   503 ;;      Temps:          0       0       0       0       0       0       0       0       0       0       0       0       
      +0       0
   504 ;;      Totals:         0       0       0       0       0       0       0       0       0       0       0       0       
      +0       0
   505 ;;Total ram usage:        0 bytes
   506 ;; Hardware stack levels required when called:    2
   507 ;; This function calls:
   508 ;;		_init
   509 ;;		_setKey
   510 ;; This function is called by:
   511 ;;		Startup code after reset
   512 ;; This function uses a non-reentrant model
   513 ;;
   514                           
   515                           
   516                           ;psect for function _main
   517  0786                     _main:
   518  0786                     l732:	
   519                           ;incstack = 0
   520                           ; Regs used in _main: [wreg-fsr0h+status,2+status,0+pclath+cstack]
   521                           
   522                           
   523                           ;main.c: 36:     init();
   524  0786  3187  27A9  3187   	fcall	_init
   525  0789                     l734:
   526  0789  3187  27D0  3187   	fcall	_setKey
   527  078C  2F89               	goto	l734
   528  078D  3180  2802         	ljmp	start
   529  078F                     __end_of_main:
   530                           
   531                           	psect	text1
   532  07D0                     __ptext1:	
   533 ;; *************** function _setKey *****************
   534 ;; Defined at:
   535 ;;		line 77 in file "main.c"
   536 ;; Parameters:    Size  Location     Type
   537 ;;		None
   538 ;; Auto vars:     Size  Location     Type
   539 ;;  keys            2   11[COMMON] int 
   540 ;;  valves          2    0        int 
   541 ;; Return value:  Size  Location     Type
   542 ;;                  1    wreg      void 
   543 ;; Registers used:
   544 ;;		wreg, fsr0l, fsr0h, status,2, status,0, pclath, cstack
   545 ;; Tracked objects:
   546 ;;		On entry : 0/0
   547 ;;		On exit  : 0/0
   548 ;;		Unchanged: 0/0
   549 ;; Data sizes:     COMMON   BANK0   BANK1   BANK2   BANK3   BANK4   BANK5   BANK6   BANK7   BANK8   BANK9  BANK10  BANK1
      +1  BANK12
   550 ;;      Params:         0       0       0       0       0       0       0       0       0       0       0       0       
      +0       0
   551 ;;      Locals:         4       0       0       0       0       0       0       0       0       0       0       0       
      +0       0
   552 ;;      Temps:          2       0       0       0       0       0       0       0       0       0       0       0       
      +0       0
   553 ;;      Totals:         6       0       0       0       0       0       0       0       0       0       0       0       
      +0       0
   554 ;;Total ram usage:        6 bytes
   555 ;; Hardware stack levels used:    1
   556 ;; Hardware stack levels required when called:    1
   557 ;; This function calls:
   558 ;;		_setPwm
   559 ;; This function is called by:
   560 ;;		_main
   561 ;; This function uses a non-reentrant model
   562 ;;
   563                           
   564                           
   565                           ;psect for function _setKey
   566  07D0                     _setKey:
   567  07D0                     l720:	
   568                           ;incstack = 0
   569                           ; Regs used in _setKey: [wreg-fsr0h+status,2+status,0+pclath+cstack]
   570                           
   571                           
   572                           ;main.c: 79:     while((ADRES >> 7) & 1)
   573  07D0  2FE8               	goto	l728
   574  07D1                     l722:
   575  07D1  0020               	movlb	0	; select bank0
   576  07D2  080C               	movf	12,w	;volatile
   577  07D3                     l724:
   578                           
   579                           ;main.c: 82:         int keys = KEYS[keys];
   580  07D3  087C               	movf	setKey@keys+1,w
   581  07D4  0085               	movwf	5
   582  07D5  087B               	movf	setKey@keys,w
   583  07D6  0084               	movwf	4
   584  07D7  3584               	lslf	4,f
   585  07D8  0D85               	rlf	5,f
   586  07D9  3000               	movlw	low (_KEYS| (0+32768))
   587  07DA  0784               	addwf	4,f
   588  07DB  3088               	movlw	high (_KEYS| (0+32768))
   589  07DC  3D85               	addwfc	5,f
   590  07DD  3F00               	moviw [0]fsr0
   591  07DE  00FB               	movwf	setKey@keys
   592  07DF  3F01               	moviw [1]fsr0
   593  07E0  00FC               	movwf	setKey@keys+1
   594  07E1                     l726:
   595                           
   596                           ;main.c: 84:         setPwm(keys);
   597  07E1  087C               	movf	setKey@keys+1,w
   598  07E2  00F1               	movwf	setPwm@pwm+1
   599  07E3  087B               	movf	setKey@keys,w
   600  07E4  00F0               	movwf	setPwm@pwm
   601  07E5  3187  278F  3187   	fcall	_setPwm
   602  07E8                     l728:
   603                           
   604                           ;main.c: 79:     while((ADRES >> 7) & 1)
   605  07E8  0021               	movlb	1	; select bank1
   606  07E9  081C               	movf	28,w	;volatile
   607  07EA  00F8               	movwf	??_setKey+1
   608  07EB  081B               	movf	27,w	;volatile
   609  07EC  00F7               	movwf	??_setKey
   610  07ED  3007               	movlw	7
   611  07EE                     u55:
   612  07EE  36F8               	lsrf	??_setKey+1,f
   613  07EF  0CF7               	rrf	??_setKey,f
   614  07F0  0B89               	decfsz	9,f
   615  07F1  2FEE               	goto	u55
   616  07F2  1877               	btfsc	??_setKey,0
   617  07F3  2FF5               	goto	u61
   618  07F4  2FF6               	goto	u60
   619  07F5                     u61:
   620  07F5  2FD1               	goto	l722
   621  07F6                     u60:
   622  07F6                     l730:
   623                           
   624                           ;main.c: 86:     setPwm(0);
   625  07F6  3000               	movlw	0
   626  07F7  00F0               	movwf	setPwm@pwm
   627  07F8  00F1               	movwf	setPwm@pwm+1
   628  07F9  3187  278F  3187   	fcall	_setPwm
   629  07FC                     l60:
   630  07FC  0008               	return
   631  07FD                     __end_of_setKey:
   632                           
   633                           	psect	text2
   634  078F                     __ptext2:	
   635 ;; *************** function _setPwm *****************
   636 ;; Defined at:
   637 ;;		line 71 in file "main.c"
   638 ;; Parameters:    Size  Location     Type
   639 ;;  pwm             2    0[COMMON] int 
   640 ;; Auto vars:     Size  Location     Type
   641 ;;		None
   642 ;; Return value:  Size  Location     Type
   643 ;;                  1    wreg      void 
   644 ;; Registers used:
   645 ;;		wreg, status,2, status,0
   646 ;; Tracked objects:
   647 ;;		On entry : 0/0
   648 ;;		On exit  : 0/0
   649 ;;		Unchanged: 0/0
   650 ;; Data sizes:     COMMON   BANK0   BANK1   BANK2   BANK3   BANK4   BANK5   BANK6   BANK7   BANK8   BANK9  BANK10  BANK1
      +1  BANK12
   651 ;;      Params:         2       0       0       0       0       0       0       0       0       0       0       0       
      +0       0
   652 ;;      Locals:         0       0       0       0       0       0       0       0       0       0       0       0       
      +0       0
   653 ;;      Temps:          5       0       0       0       0       0       0       0       0       0       0       0       
      +0       0
   654 ;;      Totals:         7       0       0       0       0       0       0       0       0       0       0       0       
      +0       0
   655 ;;Total ram usage:        7 bytes
   656 ;; Hardware stack levels used:    1
   657 ;; This function calls:
   658 ;;		Nothing
   659 ;; This function is called by:
   660 ;;		_setKey
   661 ;; This function uses a non-reentrant model
   662 ;;
   663                           
   664                           
   665                           ;psect for function _setPwm
   666  078F                     _setPwm:
   667  078F                     l716:	
   668                           ;incstack = 0
   669                           ; Regs used in _setPwm: [wreg+status,2+status,0]
   670                           
   671                           
   672                           ;main.c: 71: void setPwm(int pwm);main.c: 72: {;main.c: 73:     CCPR2L = pwm>>8;
   673  078F  0871               	movf	setPwm@pwm+1,w
   674  0790  0025               	movlb	5	; select bank5
   675  0791  0098               	movwf	24	;volatile
   676  0792                     l718:
   677                           
   678                           ;main.c: 74:     CCP2CONbits.DC2B = (pwm<<8>>6);
   679  0792  0871               	movf	setPwm@pwm+1,w
   680  0793  00F3               	movwf	??_setPwm+1
   681  0794  0870               	movf	setPwm@pwm,w
   682  0795  00F2               	movwf	??_setPwm
   683  0796  0872               	movf	??_setPwm,w
   684  0797  00F3               	movwf	??_setPwm+1
   685  0798  01F2               	clrf	??_setPwm
   686  0799  3006               	movlw	6
   687  079A  00F5               	movwf	??_setPwm+3
   688  079B                     u45:
   689  079B  0D73               	rlf	??_setPwm+1,w
   690  079C  0CF3               	rrf	??_setPwm+1,f
   691  079D  0CF2               	rrf	??_setPwm,f
   692  079E  0BF5               	decfsz	??_setPwm+3,f
   693  079F  2F9B               	goto	u45
   694  07A0  0872               	movf	??_setPwm,w
   695  07A1  00F6               	movwf	??_setPwm+4
   696  07A2  0EF6               	swapf	??_setPwm+4,f
   697  07A3  081A               	movf	26,w	;volatile
   698  07A4  0676               	xorwf	??_setPwm+4,w
   699  07A5  39CF               	andlw	-49
   700  07A6  0676               	xorwf	??_setPwm+4,w
   701  07A7  009A               	movwf	26	;volatile
   702  07A8                     l54:
   703  07A8  0008               	return
   704  07A9                     __end_of_setPwm:
   705                           
   706                           	psect	text3
   707  07A9                     __ptext3:	
   708 ;; *************** function _init *****************
   709 ;; Defined at:
   710 ;;		line 41 in file "main.c"
   711 ;; Parameters:    Size  Location     Type
   712 ;;		None
   713 ;; Auto vars:     Size  Location     Type
   714 ;;		None
   715 ;; Return value:  Size  Location     Type
   716 ;;                  1    wreg      void 
   717 ;; Registers used:
   718 ;;		wreg, status,2, status,0
   719 ;; Tracked objects:
   720 ;;		On entry : 0/0
   721 ;;		On exit  : 0/0
   722 ;;		Unchanged: 0/0
   723 ;; Data sizes:     COMMON   BANK0   BANK1   BANK2   BANK3   BANK4   BANK5   BANK6   BANK7   BANK8   BANK9  BANK10  BANK1
      +1  BANK12
   724 ;;      Params:         0       0       0       0       0       0       0       0       0       0       0       0       
      +0       0
   725 ;;      Locals:         0       0       0       0       0       0       0       0       0       0       0       0       
      +0       0
   726 ;;      Temps:          0       0       0       0       0       0       0       0       0       0       0       0       
      +0       0
   727 ;;      Totals:         0       0       0       0       0       0       0       0       0       0       0       0       
      +0       0
   728 ;;Total ram usage:        0 bytes
   729 ;; Hardware stack levels used:    1
   730 ;; This function calls:
   731 ;;		Nothing
   732 ;; This function is called by:
   733 ;;		_main
   734 ;; This function uses a non-reentrant model
   735 ;;
   736                           
   737                           
   738                           ;psect for function _init
   739  07A9                     _init:
   740  07A9                     l672:	
   741                           ;incstack = 0
   742                           ; Regs used in _init: [wreg+status,2+status,0]
   743                           
   744                           
   745                           ;main.c: 44:     OSCCONbits.SPLLEN = 0;
   746  07A9  0021               	movlb	1	; select bank1
   747  07AA  1399               	bcf	25,7	;volatile
   748  07AB                     l674:
   749                           
   750                           ;main.c: 45:     OSCCONbits.IRCF = 0b0111;
   751  07AB  0819               	movf	25,w	;volatile
   752  07AC  3987               	andlw	-121
   753  07AD  3838               	iorlw	56
   754  07AE  0099               	movwf	25	;volatile
   755                           
   756                           ;main.c: 46:     OSCCONbits.SCS = 0b00;
   757  07AF  30FC               	movlw	-4
   758  07B0  0599               	andwf	25,f	;volatile
   759  07B1                     l676:
   760                           
   761                           ;main.c: 49:     TRISAbits.TRISA4 = 1;
   762  07B1  160C               	bsf	12,4	;volatile
   763  07B2                     l678:
   764                           
   765                           ;main.c: 50:     ANSELAbits.ANSA4 = 1;
   766  07B2  0023               	movlb	3	; select bank3
   767  07B3  160C               	bsf	12,4	;volatile
   768                           
   769                           ;main.c: 51:     ADCON0bits.CHS = 0b0000;
   770  07B4  3083               	movlw	-125
   771  07B5  0021               	movlb	1	; select bank1
   772  07B6  059D               	andwf	29,f	;volatile
   773  07B7                     l680:
   774                           
   775                           ;main.c: 52:     ADCON0bits.ADON = 1;
   776  07B7  141D               	bsf	29,0	;volatile
   777  07B8                     l682:
   778                           
   779                           ;main.c: 53:     ADCON1 = 0b00010000;
   780  07B8  3010               	movlw	16
   781  07B9  009E               	movwf	30	;volatile
   782  07BA                     l684:
   783                           
   784                           ;main.c: 56:     CCP2CON = 0b00001100;
   785  07BA  300C               	movlw	12
   786  07BB  0025               	movlb	5	; select bank5
   787  07BC  009A               	movwf	26	;volatile
   788  07BD                     l686:
   789                           
   790                           ;main.c: 57:     PR2 = 255;
   791  07BD  30FF               	movlw	255
   792  07BE  0020               	movlb	0	; select bank0
   793  07BF  009B               	movwf	27	;volatile
   794  07C0                     l688:
   795                           
   796                           ;main.c: 59:     CCPTMRSbits.C2TSEL = 0b00;
   797  07C0  30F3               	movlw	-13
   798  07C1  0025               	movlb	5	; select bank5
   799  07C2  059E               	andwf	30,f	;volatile
   800  07C3                     l690:
   801                           
   802                           ;main.c: 60:     T2CONbits.T2CKPS = 0b00;
   803  07C3  30FC               	movlw	-4
   804  07C4  0020               	movlb	0	; select bank0
   805  07C5  059C               	andwf	28,f	;volatile
   806  07C6                     l692:
   807                           
   808                           ;main.c: 64:     TRISC = 0;
   809  07C6  0021               	movlb	1	; select bank1
   810  07C7  018E               	clrf	14	;volatile
   811  07C8                     l694:
   812                           
   813                           ;main.c: 65:     LATC = 0;
   814  07C8  0022               	movlb	2	; select bank2
   815  07C9  018E               	clrf	14	;volatile
   816  07CA                     l696:
   817                           
   818                           ;main.c: 67:     TRISA = 0b1111;
   819  07CA  300F               	movlw	15
   820  07CB  0021               	movlb	1	; select bank1
   821  07CC  008C               	movwf	12	;volatile
   822  07CD                     l698:
   823                           
   824                           ;main.c: 68:     ANSELA = 0b0000;
   825  07CD  0023               	movlb	3	; select bank3
   826  07CE  018C               	clrf	12	;volatile
   827  07CF                     l51:
   828  07CF  0008               	return
   829  07D0                     __end_of_init:
   830  007E                     btemp	set	126	;btemp
   831  007E                     wtemp0	set	126

Data Sizes:
    Strings     0
    Constant    32
    Data        0
    BSS         0
    Persistent  32
    Stack       0

Auto Spaces:
    Space          Size  Autos    Used
    COMMON           14     13      13
    BANK0            80      0       0
    BANK1            80      0       0
    BANK2            80      0       0
    BANK3            80      0       0
    BANK4            80      0       0
    BANK5            80      0       0
    BANK6            80      0       0
    BANK7            80      0       0
    BANK8            80      0       0
    BANK9            80      0       0
    BANK10           80      0       0
    BANK11           80      0       0
    BANK12           48      0       0

Pointer List with Targets:

    None.

Critical Paths under _main in COMMON

    _main->_setKey
    _setKey->_setPwm

Critical Paths under _main in BANK0

    None.

Critical Paths under _main in BANK1

    None.

Critical Paths under _main in BANK2

    None.

Critical Paths under _main in BANK3

    None.

Critical Paths under _main in BANK4

    None.

Critical Paths under _main in BANK5

    None.

Critical Paths under _main in BANK6

    None.

Critical Paths under _main in BANK7

    None.

Critical Paths under _main in BANK8

    None.

Critical Paths under _main in BANK9

    None.

Critical Paths under _main in BANK10

    None.

Critical Paths under _main in BANK11

    None.

Critical Paths under _main in BANK12

    None.

Call Graph Tables:

 ---------------------------------------------------------------------------------
 (Depth) Function   	        Calls       Base Space   Used Autos Params    Refs
 ---------------------------------------------------------------------------------
 (0) _main                                                 0     0      0     242
                               _init
                             _setKey
 ---------------------------------------------------------------------------------
 (1) _setKey                                               6     6      0     242
                                              7 COMMON     6     6      0
                             _setPwm
 ---------------------------------------------------------------------------------
 (2) _setPwm                                               7     5      2     196
                                              0 COMMON     7     5      2
 ---------------------------------------------------------------------------------
 (1) _init                                                 0     0      0       0
 ---------------------------------------------------------------------------------
 Estimated maximum stack depth 2
 ---------------------------------------------------------------------------------

 Call Graph Graphs:

 _main (ROOT)
   _init
   _setKey
     _setPwm

 Address spaces:
Name               Size   Autos  Total    Cost      Usage
BIGRAM             3F0      0       0       0        0.0%
EEDATA             100      0       0       0        0.0%
NULL                 0      0       0       0        0.0%
CODE                 0      0       0       0        0.0%
BITCOMMON            E      0       0       1        0.0%
BITSFR0              0      0       0       1        0.0%
SFR0                 0      0       0       1        0.0%
COMMON               E      D       D       2       92.9%
BITSFR1              0      0       0       2        0.0%
SFR1                 0      0       0       2        0.0%
BITSFR2              0      0       0       3        0.0%
SFR2                 0      0       0       3        0.0%
STACK                0      0       0       3        0.0%
BITBANK0            50      0       0       4        0.0%
BITSFR3              0      0       0       4        0.0%
SFR3                 0      0       0       4        0.0%
BANK0               50      0       0       5        0.0%
BITSFR4              0      0       0       5        0.0%
SFR4                 0      0       0       5        0.0%
BITBANK1            50      0       0       6        0.0%
BITSFR5              0      0       0       6        0.0%
SFR5                 0      0       0       6        0.0%
BANK1               50      0       0       7        0.0%
BITSFR6              0      0       0       7        0.0%
SFR6                 0      0       0       7        0.0%
BITBANK2            50      0       0       8        0.0%
BITSFR7              0      0       0       8        0.0%
SFR7                 0      0       0       8        0.0%
BANK2               50      0       0       9        0.0%
BITSFR8              0      0       0       9        0.0%
SFR8                 0      0       0       9        0.0%
BITBANK3            50      0       0      10        0.0%
BITSFR9              0      0       0      10        0.0%
SFR9                 0      0       0      10        0.0%
BANK3               50      0       0      11        0.0%
BITSFR10             0      0       0      11        0.0%
SFR10                0      0       0      11        0.0%
BITBANK4            50      0       0      12        0.0%
BITSFR11             0      0       0      12        0.0%
SFR11                0      0       0      12        0.0%
BANK4               50      0       0      13        0.0%
BITSFR12             0      0       0      13        0.0%
SFR12                0      0       0      13        0.0%
BITBANK5            50      0       0      14        0.0%
BITSFR13             0      0       0      14        0.0%
SFR13                0      0       0      14        0.0%
BANK5               50      0       0      15        0.0%
BITSFR14             0      0       0      15        0.0%
SFR14                0      0       0      15        0.0%
BITBANK6            50      0       0      16        0.0%
BITSFR15             0      0       0      16        0.0%
SFR15                0      0       0      16        0.0%
BANK6               50      0       0      17        0.0%
BITSFR16             0      0       0      17        0.0%
SFR16                0      0       0      17        0.0%
BITBANK7            50      0       0      18        0.0%
BITSFR17             0      0       0      18        0.0%
SFR17                0      0       0      18        0.0%
BANK7               50      0       0      19        0.0%
BITSFR18             0      0       0      19        0.0%
SFR18                0      0       0      19        0.0%
BITSFR19             0      0       0      20        0.0%
SFR19                0      0       0      20        0.0%
ABS                  0      0       0      20        0.0%
BITBANK8            50      0       0      21        0.0%
BITSFR20             0      0       0      21        0.0%
SFR20                0      0       0      21        0.0%
BANK8               50      0       0      22        0.0%
BITSFR21             0      0       0      22        0.0%
SFR21                0      0       0      22        0.0%
BITBANK9            50      0       0      23        0.0%
BITSFR22             0      0       0      23        0.0%
SFR22                0      0       0      23        0.0%
BANK9               50      0       0      24        0.0%
BITSFR23             0      0       0      24        0.0%
SFR23                0      0       0      24        0.0%
BITBANK10           50      0       0      25        0.0%
BITSFR24             0      0       0      25        0.0%
SFR24                0      0       0      25        0.0%
BANK10              50      0       0      26        0.0%
BITSFR25             0      0       0      26        0.0%
SFR25                0      0       0      26        0.0%
BITBANK11           50      0       0      27        0.0%
BITSFR26             0      0       0      27        0.0%
SFR26                0      0       0      27        0.0%
BANK11              50      0       0      28        0.0%
BITSFR27             0      0       0      28        0.0%
SFR27                0      0       0      28        0.0%
BITBANK12           30      0       0      29        0.0%
BITSFR28             0      0       0      29        0.0%
SFR28                0      0       0      29        0.0%
BANK12              30      0       0      30        0.0%
BITSFR29             0      0       0      30        0.0%
SFR29                0      0       0      30        0.0%
BITSFR30             0      0       0      31        0.0%
SFR30                0      0       0      31        0.0%
DATA                 0      0       0      31        0.0%
BITSFR31             0      0       0      32        0.0%
SFR31                0      0       0      32        0.0%


Microchip Technology PIC Macro Assembler V2.20 build 20200408173844 
Symbol Table                                                                                   Sun May 10 13:17:42 2020

                     l51 07CF                       l60 07FC                       l54 07A8  
                     u60 07F6                       u45 079B                       u61 07F5  
                     u55 07EE                      l720 07D0                      l730 07F6  
                    l722 07D1                      l716 078F                      l724 07D3  
                    l732 0786                      l718 0792                      l726 07E1  
                    l734 0789                      l680 07B7                      l672 07A9  
                    l728 07E8                      l690 07C3                      l682 07B8  
                    l674 07AB                      l692 07C6                      l684 07BA  
                    l676 07B1                      l694 07C8                      l686 07BD  
                    l678 07B2                      l696 07CA                      l688 07C0  
                    l698 07CD                      _PR2 001B                      wreg 0009  
                   _LATC 010E                     _KEYS 0800                     _main 0786  
                   _init 07A9                     fsr0h 0005                     fsr0l 0004  
                   btemp 007E                     start 0002         nosup@@$_$_CONFIG 0000  
                  ?_main 0070                    ?_init 0070                    _ADRES 009B  
                  _PORTA 000C                    _TRISA 008C                    _TRISC 008E  
                  wtemp0 007E             __end_of_KEYS 0820          __initialization 07FD  
           __end_of_main 078F             __end_of_init 07D0                   ??_main 007D  
                 ??_init 0070                   _ADCON1 009E                   _CCPR2L 0298  
                 _ANSELA 018C                   _setKey 07D0                   _setPwm 078F  
__end_of__initialization 07FD           __pcstackCOMMON 0070               __pmaintext 0786  
                _CCP2CON 029A                  ?_setKey 0070                  ?_setPwm 0070  
        __size_of_setKey 002D          __size_of_setPwm 001A                  __ptext1 07D0  
                __ptext2 078F                  __ptext3 07A9                _T2CONbits 001C  
   end_of_initialization 07FD                _TRISAbits 008C              _CCP2CONbits 029A  
         __end_of_setKey 07FD           __end_of_setPwm 07A9      start_initialization 07FD  
            _CCPTMRSbits 029E                 ??_setKey 0077                 ??_setPwm 0072  
              ___latbits 0002               setKey@keys 007B               _ADCON0bits 009D  
             _ANSELAbits 018C                setPwm@pwm 0070            __size_of_main 0009  
          __size_of_init 0027               _OSCCONbits 0099            __pstringtext1 0800  
